# JRE version: Java(TM) SE Runtime Environment (8.0_92-b14) (build 1.8.0_92-b14)
# Java VM: Java HotSpot(TM) 64-Bit Server VM (25.92-b14 mixed mode bsd-amd64 compressed oops)
Heap:
 PSYoungGen      total 31744K, used 625K [0x000000076ab00000, 0x000000076d700000, 0x00000007c0000000)
  eden space 31232K, 2% used [0x000000076ab00000,0x000000076ab9c708,0x000000076c980000)
  from space 512K, 0% used [0x000000076d600000,0x000000076d600000,0x000000076d680000)
  to   space 512K, 0% used [0x000000076d680000,0x000000076d680000,0x000000076d700000)
 ParOldGen       total 175104K, used 10114K [0x00000006c0000000, 0x00000006cab00000, 0x000000076ab00000)
  object space 175104K, 5% used [0x00000006c0000000,0x00000006c09e0b98,0x00000006cab00000)
 Metaspace       used 26589K, capacity 27282K, committed 27776K, reserved 1073152K
  class space    used 3387K, capacity 3561K, committed 3712K, reserved 1048576K
GC Heap History (10 events):
Event: 18977.148 GC heap before
{Heap before GC invocations=307 (full 71):
 PSYoungGen      total 31744K, used 31360K [0x000000076ab00000, 0x000000076d700000, 0x00000007c0000000)
  eden space 31232K, 100% used [0x000000076ab00000,0x000000076c980000,0x000000076c980000)
  from space 512K, 25% used [0x000000076d600000,0x000000076d620000,0x000000076d680000)
  to   space 512K, 0% used [0x000000076d680000,0x000000076d680000,0x000000076d700000)
 ParOldGen       total 175104K, used 23261K [0x00000006c0000000, 0x00000006cab00000, 0x000000076ab00000)
  object space 175104K, 13% used [0x00000006c0000000,0x00000006c16b7540,0x00000006cab00000)
 Metaspace       used 26589K, capacity 27282K, committed 27776K, reserved 1073152K
  class space    used 3387K, capacity 3561K, committed 3712K, reserved 1048576K
Event: 18977.152 GC heap after
Heap after GC invocations=307 (full 71):
 PSYoungGen      total 31744K, used 96K [0x000000076ab00000, 0x000000076d700000, 0x00000007c0000000)
  eden space 31232K, 0% used [0x000000076ab00000,0x000000076ab00000,0x000000076c980000)
  from space 512K, 18% used [0x000000076d680000,0x000000076d698000,0x000000076d700000)
  to   space 512K, 0% used [0x000000076d600000,0x000000076d600000,0x000000076d680000)
 ParOldGen       total 175104K, used 23277K [0x00000006c0000000, 0x00000006cab00000, 0x000000076ab00000)
  object space 175104K, 13% used [0x00000006c0000000,0x00000006c16bb540,0x00000006cab00000)
 Metaspace       used 26589K, capacity 27282K, committed 27776K, reserved 1073152K
  class space    used 3387K, capacity 3561K, committed 3712K, reserved 1048576K
}
Event: 19046.650 GC heap before
{Heap before GC invocations=308 (full 71):
 PSYoungGen      total 31744K, used 31328K [0x000000076ab00000, 0x000000076d700000, 0x00000007c0000000)
  eden space 31232K, 100% used [0x000000076ab00000,0x000000076c980000,0x000000076c980000)
  from space 512K, 18% used [0x000000076d680000,0x000000076d698000,0x000000076d700000)
  to   space 512K, 0% used [0x000000076d600000,0x000000076d600000,0x000000076d680000)
 ParOldGen       total 175104K, used 23277K [0x00000006c0000000, 0x00000006cab00000, 0x000000076ab00000)
  object space 175104K, 13% used [0x00000006c0000000,0x00000006c16bb540,0x00000006cab00000)
 Metaspace       used 26589K, capacity 27282K, committed 27776K, reserved 1073152K
  class space    used 3387K, capacity 3561K, committed 3712K, reserved 1048576K
Event: 19046.653 GC heap after
Heap after GC invocations=308 (full 71):
 PSYoungGen      total 31744K, used 64K [0x000000076ab00000, 0x000000076d700000, 0x00000007c0000000)
  eden space 31232K, 0% used [0x000000076ab00000,0x000000076ab00000,0x000000076c980000)
  from space 512K, 12% used [0x000000076d600000,0x000000076d610000,0x000000076d680000)
  to   space 512K, 0% used [0x000000076d680000,0x000000076d680000,0x000000076d700000)
 ParOldGen       total 175104K, used 23285K [0x00000006c0000000, 0x00000006cab00000, 0x000000076ab00000)
  object space 175104K, 13% used [0x00000006c0000000,0x00000006c16bd540,0x00000006cab00000)
 Metaspace       used 26589K, capacity 27282K, committed 27776K, reserved 1073152K
  class space    used 3387K, capacity 3561K, committed 3712K, reserved 1048576K
}
Event: 19116.177 GC heap before
{Heap before GC invocations=309 (full 71):
 PSYoungGen      total 31744K, used 31296K [0x000000076ab00000, 0x000000076d700000, 0x00000007c0000000)
  eden space 31232K, 100% used [0x000000076ab00000,0x000000076c980000,0x000000076c980000)
  from space 512K, 12% used [0x000000076d600000,0x000000076d610000,0x000000076d680000)
  to   space 512K, 0% used [0x000000076d680000,0x000000076d680000,0x000000076d700000)
 ParOldGen       total 175104K, used 23285K [0x00000006c0000000, 0x00000006cab00000, 0x000000076ab00000)
  object space 175104K, 13% used [0x00000006c0000000,0x00000006c16bd540,0x00000006cab00000)
 Metaspace       used 26589K, capacity 27282K, committed 27776K, reserved 1073152K
  class space    used 3387K, capacity 3561K, committed 3712K, reserved 1048576K
Event: 19116.179 GC heap after
Heap after GC invocations=309 (full 71):
 PSYoungGen      total 31744K, used 64K [0x000000076ab00000, 0x000000076d700000, 0x00000007c0000000)
  eden space 31232K, 0% used [0x000000076ab00000,0x000000076ab00000,0x000000076c980000)
  from space 512K, 12% used [0x000000076d680000,0x000000076d690000,0x000000076d700000)
  to   space 512K, 0% used [0x000000076d600000,0x000000076d600000,0x000000076d680000)
 ParOldGen       total 175104K, used 23285K [0x00000006c0000000, 0x00000006cab00000, 0x000000076ab00000)
  object space 175104K, 13% used [0x00000006c0000000,0x00000006c16bd540,0x00000006cab00000)
 Metaspace       used 26589K, capacity 27282K, committed 27776K, reserved 1073152K
  class space    used 3387K, capacity 3561K, committed 3712K, reserved 1048576K
}
Event: 19145.430 GC heap before
{Heap before GC invocations=310 (full 71):
 PSYoungGen      total 31744K, used 11893K [0x000000076ab00000, 0x000000076d700000, 0x00000007c0000000)
  eden space 31232K, 37% used [0x000000076ab00000,0x000000076b68d5e0,0x000000076c980000)
  from space 512K, 12% used [0x000000076d680000,0x000000076d690000,0x000000076d700000)
  to   space 512K, 0% used [0x000000076d600000,0x000000076d600000,0x000000076d680000)
 ParOldGen       total 175104K, used 23285K [0x00000006c0000000, 0x00000006cab00000, 0x000000076ab00000)
  object space 175104K, 13% used [0x00000006c0000000,0x00000006c16bd540,0x00000006cab00000)
 Metaspace       used 26589K, capacity 27282K, committed 27776K, reserved 1073152K
  class space    used 3387K, capacity 3561K, committed 3712K, reserved 1048576K
Event: 19145.432 GC heap after
Heap after GC invocations=310 (full 71):
 PSYoungGen      total 31744K, used 64K [0x000000076ab00000, 0x000000076d700000, 0x00000007c0000000)
  eden space 31232K, 0% used [0x000000076ab00000,0x000000076ab00000,0x000000076c980000)
  from space 512K, 12% used [0x000000076d600000,0x000000076d610000,0x000000076d680000)
  to   space 512K, 0% used [0x000000076d680000,0x000000076d680000,0x000000076d700000)
 ParOldGen       total 175104K, used 23285K [0x00000006c0000000, 0x00000006cab00000, 0x000000076ab00000)
  object space 175104K, 13% used [0x00000006c0000000,0x00000006c16bd540,0x00000006cab00000)
 Metaspace       used 26589K, capacity 27282K, committed 27776K, reserved 1073152K
  class space    used 3387K, capacity 3561K, committed 3712K, reserved 1048576K
}
Event: 19145.432 GC heap before
{Heap before GC invocations=311 (full 72):
 PSYoungGen      total 31744K, used 64K [0x000000076ab00000, 0x000000076d700000, 0x00000007c0000000)
  eden space 31232K, 0% used [0x000000076ab00000,0x000000076ab00000,0x000000076c980000)
  from space 512K, 12% used [0x000000076d600000,0x000000076d610000,0x000000076d680000)
  to   space 512K, 0% used [0x000000076d680000,0x000000076d680000,0x000000076d700000)
 ParOldGen       total 175104K, used 23285K [0x00000006c0000000, 0x00000006cab00000, 0x000000076ab00000)
  object space 175104K, 13% used [0x00000006c0000000,0x00000006c16bd540,0x00000006cab00000)
 Metaspace       used 26589K, capacity 27282K, committed 27776K, reserved 1073152K
  class space    used 3387K, capacity 3561K, committed 3712K, reserved 1048576K
Event: 19145.519 GC heap after
Heap after GC invocations=311 (full 72):
 PSYoungGen      total 31744K, used 0K [0x000000076ab00000, 0x000000076d700000, 0x00000007c0000000)
  eden space 31232K, 0% used [0x000000076ab00000,0x000000076ab00000,0x000000076c980000)
  from space 512K, 0% used [0x000000076d600000,0x000000076d600000,0x000000076d680000)
  to   space 512K, 0% used [0x000000076d680000,0x000000076d680000,0x000000076d700000)
 ParOldGen       total 175104K, used 10114K [0x00000006c0000000, 0x00000006cab00000, 0x000000076ab00000)
  object space 175104K, 5% used [0x00000006c0000000,0x00000006c09e0b98,0x00000006cab00000)
 Metaspace       used 26589K, capacity 27282K, committed 27776K, reserved 1073152K
  class space    used 3387K, capacity 3561K, committed 3712K, reserved 1048576K
}

